
Gurobi 7.5.2 (mac64) logging started Sat Apr 28 14:05:54 2018

Academic license - for non-commercial use only
Read LP format model from file lidar_config.lp
Reading time = 0.28 seconds
: 129681 rows, 64810 columns, 413181 nonzeros
Optimize a model with 129681 rows, 64810 columns and 413181 nonzeros
Variable types: 10 continuous, 64800 integer (64800 binary)
Coefficient statistics:
  Matrix range     [2e-01, 2e+02]
  Objective range  [1e+00, 1e+00]
  Bounds range     [1e+00, 2e+01]
  RHS range        [1e-02, 2e+02]
Presolve time: 0.61s
Presolved: 129681 rows, 64810 columns, 413181 nonzeros
Variable types: 9 continuous, 64801 integer (64800 binary)

Deterministic concurrent LP optimizer: primal and dual simplex
Showing first log only...

Presolved: 129681 rows, 64810 columns, 413181 nonzeros


Root simplex log...

Iteration    Objective       Primal Inf.    Dual Inf.      Time
       0    0.0000000e+00   0.000000e+00   2.117800e-02     18s
   21177    0.0000000e+00   0.000000e+00   0.000000e+00     18s
Concurrent spin time: 0.05s

Solved with primal simplex

Root relaxation: objective 0.000000e+00, 21177 iterations, 0.43 seconds
Total elapsed time = 20.14s

    Nodes    |    Current Node    |     Objective Bounds      |     Work
 Expl Unexpl |  Obj  Depth IntInf | Incumbent    BestBd   Gap | It/Node Time

     0     0    0.00000    0 1398          -    0.00000      -     -   22s
     0     0    0.00000    0 4463          -    0.00000      -     -   48s

Gurobi 7.5.2 (mac64) logging started Sat Apr 28 14:15:28 2018

Academic license - for non-commercial use only
Read LP format model from file lidar_config.lp
Reading time = 0.05 seconds
: 17514 rows, 8755 columns, 55422 nonzeros
Optimize a model with 17514 rows, 8755 columns and 55422 nonzeros
Variable types: 7 continuous, 8748 integer (8748 binary)
Coefficient statistics:
  Matrix range     [2e-01, 2e+02]
  Objective range  [1e+00, 1e+00]
  Bounds range     [1e+00, 2e+01]
  RHS range        [1e-02, 2e+02]
Found heuristic solution: objective 18.0000000
Presolve time: 0.07s
Presolved: 17514 rows, 8755 columns, 55422 nonzeros
Variable types: 6 continuous, 8749 integer (8748 binary)

Root relaxation: objective 0.000000e+00, 2946 iterations, 0.13 seconds

    Nodes    |    Current Node    |     Objective Bounds      |     Work
 Expl Unexpl |  Obj  Depth IntInf | Incumbent    BestBd   Gap | It/Node Time

     0     0    0.00000    0  265   18.00000    0.00000   100%     -    1s
H    0     0                       9.0000000    0.00000   100%     -    1s
     0     0    0.00000    0 1136    9.00000    0.00000   100%     -    2s
     0     0    0.00000    0  904    9.00000    0.00000   100%     -    4s
     0     0    0.00000    0  342    9.00000    0.00000   100%     -    5s
     0     0    0.00000    0  342    9.00000    0.00000   100%     -    6s
H    0     0                       7.0000000    0.00000   100%     -    6s
     0     2    0.00000    0  342    7.00000    0.00000   100%     -    7s
     3     6    0.00000    2 1431    7.00000    0.00000   100%  1140   10s
    43    42    0.00000   21  753    7.00000    0.00000   100%   807   16s
H   56    42                       6.0000000    0.00000   100%   701   16s
   254   155    0.00000   11 1353    6.00000    0.00000   100%   374   20s
   438   245    0.00000    8 2652    6.00000    0.00000   100%   421   25s
   520   258    2.00000   20 1406    6.00000    0.00000   100%   479   31s
   605   277 infeasible    5         6.00000    0.00000   100%   494   35s
   651   287    0.50000   10 3952    6.00000    0.00000   100%   536   41s
   668   285    2.34660   17 1765    6.00000    0.00000   100%   569   46s
   714   301    4.28571    4 2900    6.00000    0.00000   100%   592   51s
   759   309    5.00000   14  768    6.00000    0.00000   100%   618   58s
   775   308    4.00000    6 2511    6.00000    0.00000   100%   628   60s
   805   306    0.50000   11 3978    6.00000    0.00000   100%   678   67s
   829   304    1.00000   14 3237    6.00000    0.00000   100%   693   71s
   866   310    4.50000    8 2509    6.00000    0.00000   100%   729   76s
   913   314    1.96993    5 3667    6.00000    0.00000   100%   753   83s
   933   320    4.00000   12 3031    6.00000    0.00000   100%   770   85s
   943   314    4.49186   12 2404    6.00000    0.00000   100%   781   90s
  1002   320    5.00000   13 1036    6.00000    0.00000   100%   798   98s
  1033   325    0.77611    5 4003    6.00000    0.00000   100%   811  101s
  1059   327    5.00000   13 1753    6.00000    0.00000   100%   812  105s
  1109   331    3.00000    7 2424    6.00000    0.00000   100%   815  111s
  1152   345    0.50000    9 4129    6.00000    0.00000   100%   822  115s
  1192   352 infeasible   20         6.00000    0.00000   100%   826  122s
  1202   353    0.00000   11 2166    6.00000    0.00000   100%   854  127s
  1238   361 infeasible   23         6.00000    0.00000   100%   862  132s
  1275   363 infeasible   15         6.00000    0.00000   100%   870  138s
  1330   354 infeasible   21         6.00000    0.00000   100%   881  144s
  1373   340 infeasible   44         6.00000    0.00000   100%   889  150s
  1419   344    1.93610   20 4107    6.00000    0.00000   100%   901  155s
  1441   345    3.22222   31 3238    6.00000    0.00000   100%   913  160s
  1485   343    3.00000   33 3372    6.00000    0.00000   100%   918  168s
  1540   347    3.00000   27 3541    6.00000    0.00000   100%   922  173s
  1574   341 infeasible   53         6.00000    0.00000   100%   927  179s
  1622   340    4.00000   62 3079    6.00000    0.00000   100%   934  185s
  1666   346    1.00000   36 3358    6.00000    0.00000   100%   939  190s
  1700   343    5.00000   65 2435    6.00000    0.00000   100%   943  196s
  1739   346    5.00000   19 1697    6.00000    0.00000   100%   949  201s
  1777   351    4.51020   20 2548    6.00000    0.00000   100%   949  205s
  1811   349    2.50000   17 3284    6.00000    0.43334  92.8%   952  211s
  1854   343 infeasible   38         6.00000    1.00000  83.3%   950  219s
  1931   343 infeasible   16         6.00000    1.00000  83.3%   947  227s
  1990   341    3.27273   40 2951    6.00000    1.00000  83.3%   950  235s
  2081   337 infeasible   41         6.00000    1.00000  83.3%   940  245s
  2236   349    1.05000    6 3220    6.00000    1.00000  83.3%   924  253s
  2334   346    5.00000   15 1445    6.00000    1.00000  83.3%   918  726s
  2420   345    5.00000   30  679    6.00000    1.00000  83.3%   916  735s
  2494   356    5.00000   31 1295    6.00000    1.50000  75.0%   907  755s
  2551   339    4.00458   45 2303    6.00000    2.00000  66.7%   909  781s
  2670   346    5.00000   37 2103    6.00000    2.00000  66.7%   904  805s
  2805   355    4.00458   41 2183    6.00000    2.00000  66.7%   895  941s
  2945   343    4.00000   22 1740    6.00000    2.15402  64.1%   885  961s
  3106   339 infeasible   14         6.00000    3.00000  50.0%   867  974s
  3351   339    4.09091    8 2896    6.00000    3.00000  50.0%   846  988s
  3574   331    5.00000   24 1663    6.00000    3.00000  50.0%   828 1001s
  3788   309    3.67327   12 2162    6.00000    3.59493  40.1%   816 1006s
  3903   274 infeasible   78         6.00000    4.00000  33.3%   806 1019s
  4019   297    4.36725   53 1446    6.00000    4.00000  33.3%   794 1020s
  4218   292 infeasible   22         6.00000    4.00000  33.3%   772 1030s
  4487   274    4.13940   29 1973    6.00000    4.00000  33.3%   750 1036s
  4627   241 infeasible    9         6.00000    4.00000  33.3%   743 1042s
  4849   168 infeasible   20         6.00000    5.00000  16.7%   729 1046s
  5056    45 infeasible   72         6.00000    5.00000  16.7%   712 1050s
  5259     0 infeasible   15         6.00000    5.00000  16.7%   696 1055s

Cutting planes:
  Learned: 35457
  Gomory: 26
  Cover: 16369
  Implied bound: 24
  MIR: 194
  StrongCG: 19
  Inf proof: 152

Explored 5277 nodes (3677619 simplex iterations) in 1055.34 seconds
Thread count was 4 (of 4 available processors)

Solution count 4: 6 7 9 18 

Optimal solution found (tolerance 1.00e-04)
Best objective 6.000000000000e+00, best bound 6.000000000000e+00, gap 0.0000%
Optimize a model with 17514 rows, 8755 columns and 55422 nonzeros
Coefficient statistics:
  Matrix range     [2e-01, 2e+02]
  Objective range  [1e+00, 1e+00]
  Bounds range     [1e+00, 2e+01]
  RHS range        [1e-02, 2e+02]

Concurrent LP optimizer: dual simplex and barrier
Showing barrier log only...

Ordering time: 0.00s

Barrier performed 0 iterations in 0.02 seconds
Barrier solve interrupted - model solved by another algorithm


Solved with dual simplex
Solved in 11 iterations and 0.03 seconds
Optimal objective  6.000000000e+00

Gurobi 7.5.2 (mac64) logging started Sun Apr 29 10:05:43 2018

Academic license - for non-commercial use only
Read LP format model from file lidar_config.lp
Reading time = 0.04 seconds
: 17514 rows, 8755 columns, 55422 nonzeros
Optimize a model with 17514 rows, 8755 columns and 55422 nonzeros
Variable types: 7 continuous, 8748 integer (8748 binary)
Coefficient statistics:
  Matrix range     [2e-01, 2e+02]
  Objective range  [1e+00, 1e+00]
  Bounds range     [1e+00, 2e+01]
  RHS range        [1e-02, 2e+02]
Found heuristic solution: objective 18.0000000
Presolve time: 0.08s
Presolved: 17514 rows, 8755 columns, 55422 nonzeros
Variable types: 6 continuous, 8749 integer (8748 binary)

Root relaxation: objective 0.000000e+00, 2946 iterations, 0.14 seconds

    Nodes    |    Current Node    |     Objective Bounds      |     Work
 Expl Unexpl |  Obj  Depth IntInf | Incumbent    BestBd   Gap | It/Node Time

     0     0    0.00000    0  265   18.00000    0.00000   100%     -    1s
H    0     0                       9.0000000    0.00000   100%     -    1s
     0     0    0.00000    0 1136    9.00000    0.00000   100%     -    2s
     0     0    0.00000    0  904    9.00000    0.00000   100%     -    4s
     0     0    0.00000    0  342    9.00000    0.00000   100%     -    5s
     0     0    0.00000    0  342    9.00000    0.00000   100%     -    6s
H    0     0                       7.0000000    0.00000   100%     -    6s
     0     2    0.00000    0  342    7.00000    0.00000   100%     -    7s
     3     6    0.00000    2 1431    7.00000    0.00000   100%  1140   10s
    43    42    0.00000   21  753    7.00000    0.00000   100%   807   16s
H   56    42                       6.0000000    0.00000   100%   701   16s
   282   184    0.00000   20 1260    6.00000    0.00000   100%   409   20s
   471   258    0.19503    9 3011    6.00000    0.00000   100%   440   25s
   582   271    1.00000   15 3568    6.00000    0.00000   100%   477   31s
   647   284    0.20040   10 4635    6.00000    0.00000   100%   521   36s
   660   290    1.00000   14 2800    6.00000    0.00000   100%   556   40s
   714   301    4.28571    4 2900    6.00000    0.00000   100%   592   47s
   759   309    5.00000   14  768    6.00000    0.00000   100%   618   54s
   775   308    4.00000    6 2511    6.00000    0.00000   100%   628   56s
   795   306     cutoff   19         6.00000    0.00000   100%   637   60s
   829   304    1.00000   14 3237    6.00000    0.00000   100%   693   66s
   866   310    4.50000    8 2509    6.00000    0.00000   100%   729   71s
   913   314    1.96993    5 3667    6.00000    0.00000   100%   753   78s
   933   320    4.00000   12 3031    6.00000    0.00000   100%   770   80s
   943   314    4.49186   12 2404    6.00000    0.00000   100%   781   85s
  1002   320    5.00000   13 1036    6.00000    0.00000   100%   798   93s
  1033   325    0.77611    5 4003    6.00000    0.00000   100%   811   96s
  1109   331    3.00000    7 2424    6.00000    0.00000   100%   815  105s
  1152   345    0.50000    9 4129    6.00000    0.00000   100%   822  110s
  1192   352 infeasible   20         6.00000    0.00000   100%   826  117s
  1202   353    0.00000   11 2166    6.00000    0.00000   100%   854  122s
  1238   361 infeasible   23         6.00000    0.00000   100%   862  126s
  1275   363 infeasible   15         6.00000    0.00000   100%   870  133s
  1330   354 infeasible   21         6.00000    0.00000   100%   881  138s
  1373   340 infeasible   44         6.00000    0.00000   100%   889  144s
  1419   344    1.93610   20 4107    6.00000    0.00000   100%   901  149s
  1441   345    3.22222   31 3238    6.00000    0.00000   100%   913  154s
  1485   343    3.00000   33 3372    6.00000    0.00000   100%   918  162s
  1540   347    3.00000   27 3541    6.00000    0.00000   100%   922  168s
  1574   341 infeasible   53         6.00000    0.00000   100%   927  173s
  1622   340    4.00000   62 3079    6.00000    0.00000   100%   934  180s
  1666   346    1.00000   36 3358    6.00000    0.00000   100%   939  185s
  1700   343    5.00000   65 2435    6.00000    0.00000   100%   943  191s
  1739   346    5.00000   19 1697    6.00000    0.00000   100%   949  196s
  1777   351    4.51020   20 2548    6.00000    0.00000   100%   949  200s
  1811   349    2.50000   17 3284    6.00000    0.43334  92.8%   952  206s
  1854   343 infeasible   38         6.00000    1.00000  83.3%   950  214s
  1931   343 infeasible   16         6.00000    1.00000  83.3%   947  222s
  1990   341    3.27273   40 2951    6.00000    1.00000  83.3%   950  230s
  2081   337 infeasible   41         6.00000    1.00000  83.3%   940  240s
  2236   349    1.05000    6 3220    6.00000    1.00000  83.3%   924  248s
  2334   346    5.00000   15 1445    6.00000    1.00000  83.3%   918  256s
  2420   345    5.00000   30  679    6.00000    1.00000  83.3%   916  264s
  2494   356    5.00000   31 1295    6.00000    1.50000  75.0%   907  271s
  2551   339    4.00458   45 2303    6.00000    2.00000  66.7%   909  281s
  2670   346    5.00000   37 2103    6.00000    2.00000  66.7%   904  291s
  2805   355    4.00458   41 2183    6.00000    2.00000  66.7%   895  302s
  2945   343    4.00000   22 1740    6.00000    2.15402  64.1%   885  312s
  3106   339 infeasible   14         6.00000    3.00000  50.0%   867  325s
  3351   339    4.09091    8 2896    6.00000    3.00000  50.0%   846  338s

Gurobi 7.5.2 (mac64) logging started Sun Apr 29 10:14:45 2018

Academic license - for non-commercial use only
Read LP format model from file lidar_config.lp
Reading time = 0.05 seconds
: 17514 rows, 8755 columns, 55422 nonzeros
Optimize a model with 17514 rows, 8755 columns and 55422 nonzeros
Variable types: 7 continuous, 8748 integer (8748 binary)
Coefficient statistics:
  Matrix range     [2e-01, 2e+02]
  Objective range  [1e+00, 1e+00]
  Bounds range     [1e+00, 2e+01]
  RHS range        [1e-02, 2e+02]
Found heuristic solution: objective 18.0000000
Presolve time: 0.07s
Presolved: 17514 rows, 8755 columns, 55422 nonzeros
Variable types: 6 continuous, 8749 integer (8748 binary)

Root relaxation: objective 0.000000e+00, 2946 iterations, 0.13 seconds

    Nodes    |    Current Node    |     Objective Bounds      |     Work
 Expl Unexpl |  Obj  Depth IntInf | Incumbent    BestBd   Gap | It/Node Time

     0     0    0.00000    0  265   18.00000    0.00000   100%     -    1s
H    0     0                       9.0000000    0.00000   100%     -    1s
     0     0    0.00000    0 1136    9.00000    0.00000   100%     -    2s
     0     0    0.00000    0  904    9.00000    0.00000   100%     -    4s
     0     0    0.00000    0  342    9.00000    0.00000   100%     -    5s
     0     0    0.00000    0  342    9.00000    0.00000   100%     -    5s
H    0     0                       7.0000000    0.00000   100%     -    5s
     0     2    0.00000    0  342    7.00000    0.00000   100%     -    7s
     3     6    0.00000    2 1431    7.00000    0.00000   100%  1140   10s
    43    42    0.00000   21  753    7.00000    0.00000   100%   807   16s
H   56    42                       6.0000000    0.00000   100%   701   16s
   282   184    0.00000   20 1260    6.00000    0.00000   100%   409   20s
   471   258    0.19503    9 3011    6.00000    0.00000   100%   440   25s
   582   271    1.00000   15 3568    6.00000    0.00000   100%   477   32s
   615   273    2.43073    8 2696    6.00000    0.00000   100%   510   35s
   660   290    1.00000   14 2800    6.00000    0.00000   100%   556   40s
   702   299    4.00000   12 2677    6.00000    0.00000   100%   581   45s
   759   309    5.00000   14  768    6.00000    0.00000   100%   618   55s
   795   306     cutoff   19         6.00000    0.00000   100%   637   60s
   829   304    1.00000   14 3237    6.00000    0.00000   100%   693   66s
   866   310    4.50000    8 2509    6.00000    0.00000   100%   729   71s
   913   314    1.96993    5 3667    6.00000    0.00000   100%   753   78s
   933   320    4.00000   12 3031    6.00000    0.00000   100%   770   81s
   943   314    4.49186   12 2404    6.00000    0.00000   100%   781   85s
  1002   320    5.00000   13 1036    6.00000    0.00000   100%   798   93s
  1033   325    0.77611    5 4003    6.00000    0.00000   100%   811   96s
  1059   327    5.00000   13 1753    6.00000    0.00000   100%   812  100s
  1109   331    3.00000    7 2424    6.00000    0.00000   100%   815  106s
  1152   345    0.50000    9 4129    6.00000    0.00000   100%   822  110s
  1192   352 infeasible   20         6.00000    0.00000   100%   826  117s
  1202   353    0.00000   11 2166    6.00000    0.00000   100%   854  122s
  1238   361 infeasible   23         6.00000    0.00000   100%   862  126s
  1275   363 infeasible   15         6.00000    0.00000   100%   870  133s
  1330   354 infeasible   21         6.00000    0.00000   100%   881  139s
  1373   340 infeasible   44         6.00000    0.00000   100%   889  144s
  1419   344    1.93610   20 4107    6.00000    0.00000   100%   901  149s
  1441   345    3.22222   31 3238    6.00000    0.00000   100%   913  154s
  1485   343    3.00000   33 3372    6.00000    0.00000   100%   918  162s
  1540   347    3.00000   27 3541    6.00000    0.00000   100%   922  168s
  1574   341 infeasible   53         6.00000    0.00000   100%   927  173s
  1622   340    4.00000   62 3079    6.00000    0.00000   100%   934  180s
  1666   346    1.00000   36 3358    6.00000    0.00000   100%   939  185s
  1700   343    5.00000   65 2435    6.00000    0.00000   100%   943  191s
  1739   346    5.00000   19 1697    6.00000    0.00000   100%   949  196s
  1777   351    4.51020   20 2548    6.00000    0.00000   100%   949  200s
  1811   349    2.50000   17 3284    6.00000    0.43334  92.8%   952  205s
  1854   343 infeasible   38         6.00000    1.00000  83.3%   950  214s
  1931   343 infeasible   16         6.00000    1.00000  83.3%   947  222s
  1990   341    3.27273   40 2951    6.00000    1.00000  83.3%   950  230s
  2081   337 infeasible   41         6.00000    1.00000  83.3%   940  239s
  2149   345    4.52830   24 1866    6.00000    1.00000  83.3%   935  240s
  2236   349    1.05000    6 3220    6.00000    1.00000  83.3%   924  248s
  2334   346    5.00000   15 1445    6.00000    1.00000  83.3%   918  256s
  2420   345    5.00000   30  679    6.00000    1.00000  83.3%   916  263s
  2494   356    5.00000   31 1295    6.00000    1.50000  75.0%   907  271s
  2551   339    4.00458   45 2303    6.00000    2.00000  66.7%   909  281s
  2670   346    5.00000   37 2103    6.00000    2.00000  66.7%   904  291s
  2805   355    4.00458   41 2183    6.00000    2.00000  66.7%   895  301s
  2945   343    4.00000   22 1740    6.00000    2.15402  64.1%   885  309s
  3106   339 infeasible   14         6.00000    3.00000  50.0%   867  322s
  3351   339    4.09091    8 2896    6.00000    3.00000  50.0%   846  335s
  3574   331    5.00000   24 1663    6.00000    3.00000  50.0%   828  347s
  3788   309    3.67327   12 2162    6.00000    3.59493  40.1%   816  352s
  3903   274 infeasible   78         6.00000    4.00000  33.3%   806  363s
  4218   292 infeasible   22         6.00000    4.00000  33.3%   772  372s
  4487   274    4.13940   29 1973    6.00000    4.00000  33.3%   750  379s
  4627   241 infeasible    9         6.00000    4.00000  33.3%   743  384s
  4764   208    4.00000   21 2062    6.00000    4.00000  33.3%   735  387s
  4958    86 infeasible   10         6.00000    5.00000  16.7%   720  391s
  5124     4 infeasible   25         6.00000    5.00000  16.7%   707  397s

Cutting planes:
  Learned: 35457
  Gomory: 26
  Cover: 16369
  Implied bound: 24
  MIR: 194
  StrongCG: 19
  Inf proof: 152

Explored 5277 nodes (3677619 simplex iterations) in 397.91 seconds
Thread count was 4 (of 4 available processors)

Solution count 4: 6 7 9 18 

Optimal solution found (tolerance 1.00e-04)
Best objective 6.000000000000e+00, best bound 6.000000000000e+00, gap 0.0000%
Optimize a model with 17514 rows, 8755 columns and 55422 nonzeros
Coefficient statistics:
  Matrix range     [2e-01, 2e+02]
  Objective range  [1e+00, 1e+00]
  Bounds range     [1e+00, 2e+01]
  RHS range        [1e-02, 2e+02]

Concurrent LP optimizer: dual simplex and barrier
Showing barrier log only...

Ordering time: 0.00s

Barrier statistics:
 Dense cols : 6
 AA' NZ     : 6.398e+04
 Factor NZ  : 1.996e+05 (roughly 12 MBytes of memory)
 Factor Ops : 2.692e+06 (less than 1 second per iteration)
 Threads    : 1

Barrier performed 0 iterations in 0.02 seconds
Barrier solve interrupted - model solved by another algorithm


Solved with dual simplex
Solved in 11 iterations and 0.02 seconds
Optimal objective  6.000000000e+00

Gurobi 7.5.2 (mac64) logging started Sun Apr 29 19:25:32 2018

Academic license - for non-commercial use only
Read LP format model from file lidar_config.lp
Reading time = 0.05 seconds
: 17514 rows, 8755 columns, 55422 nonzeros
Optimize a model with 17514 rows, 8755 columns and 55422 nonzeros
Variable types: 7 continuous, 8748 integer (8748 binary)
Coefficient statistics:
  Matrix range     [2e-01, 2e+02]
  Objective range  [1e+00, 1e+00]
  Bounds range     [1e+00, 2e+01]
  RHS range        [1e-02, 2e+02]
Found heuristic solution: objective 18.0000000
Presolve time: 0.10s
Presolved: 17514 rows, 8755 columns, 55422 nonzeros
Variable types: 6 continuous, 8749 integer (8748 binary)

Root relaxation: objective 0.000000e+00, 2946 iterations, 0.15 seconds

    Nodes    |    Current Node    |     Objective Bounds      |     Work
 Expl Unexpl |  Obj  Depth IntInf | Incumbent    BestBd   Gap | It/Node Time

     0     0    0.00000    0  265   18.00000    0.00000   100%     -    1s
H    0     0                       9.0000000    0.00000   100%     -    1s
     0     0    0.00000    0 1136    9.00000    0.00000   100%     -    2s
     0     0    0.00000    0  904    9.00000    0.00000   100%     -    4s
     0     0    0.00000    0  342    9.00000    0.00000   100%     -    5s
     0     0    0.00000    0  342    9.00000    0.00000   100%     -    6s
H    0     0                       7.0000000    0.00000   100%     -    6s
     0     2    0.00000    0  342    7.00000    0.00000   100%     -    7s
     3     6    0.00000    2 1431    7.00000    0.00000   100%  1140   10s
    43    42    0.00000   21  753    7.00000    0.00000   100%   807   16s
H   56    42                       6.0000000    0.00000   100%   701   16s
   282   184    0.00000   20 1260    6.00000    0.00000   100%   409   20s
   471   258    0.19503    9 3011    6.00000    0.00000   100%   440   25s
   582   271    1.00000   15 3568    6.00000    0.00000   100%   477   31s
   615   273    2.43073    8 2696    6.00000    0.00000   100%   510   35s
   660   290    1.00000   14 2800    6.00000    0.00000   100%   556   40s
   714   301    4.28571    4 2900    6.00000    0.00000   100%   592   47s
   759   309    5.00000   14  768    6.00000    0.00000   100%   618   54s
   775   308    4.00000    6 2511    6.00000    0.00000   100%   628   56s
   805   306    0.50000   11 3978    6.00000    0.00000   100%   678   62s
   829   304    1.00000   14 3237    6.00000    0.00000   100%   693   66s
   866   310    4.50000    8 2509    6.00000    0.00000   100%   729   70s
   913   314    1.96993    5 3667    6.00000    0.00000   100%   753   77s
   933   320    4.00000   12 3031    6.00000    0.00000   100%   770   80s
   978   324    1.00000    6 3564    6.00000    0.00000   100%   792   88s
  1002   320    5.00000   13 1036    6.00000    0.00000   100%   798   92s
  1033   325    0.77611    5 4003    6.00000    0.00000   100%   811   95s
  1109   331    3.00000    7 2424    6.00000    0.00000   100%   815  104s
  1152   345    0.50000    9 4129    6.00000    0.00000   100%   822  109s
  1192   352 infeasible   20         6.00000    0.00000   100%   826  116s
  1202   353    0.00000   11 2166    6.00000    0.00000   100%   854  121s
  1238   361 infeasible   23         6.00000    0.00000   100%   862  125s
  1275   363 infeasible   15         6.00000    0.00000   100%   870  132s
  1330   354 infeasible   21         6.00000    0.00000   100%   881  137s
  1373   340 infeasible   44         6.00000    0.00000   100%   889  143s
  1419   344    1.93610   20 4107    6.00000    0.00000   100%   901  148s
  1441   345    3.22222   31 3238    6.00000    0.00000   100%   913  153s
  1485   343    3.00000   33 3372    6.00000    0.00000   100%   918  161s
  1540   347    3.00000   27 3541    6.00000    0.00000   100%   922  166s
  1574   341 infeasible   53         6.00000    0.00000   100%   927  172s
  1622   340    4.00000   62 3079    6.00000    0.00000   100%   934  178s
  1666   346    1.00000   36 3358    6.00000    0.00000   100%   939  183s
  1700   343    5.00000   65 2435    6.00000    0.00000   100%   943  189s
  1739   346    5.00000   19 1697    6.00000    0.00000   100%   949  194s
  1777   351    4.51020   20 2548    6.00000    0.00000   100%   949  198s
  1811   349    2.50000   17 3284    6.00000    0.43334  92.8%   952  204s
  1854   343 infeasible   38         6.00000    1.00000  83.3%   950  212s
  1931   343 infeasible   16         6.00000    1.00000  83.3%   947  220s
  1990   341    3.27273   40 2951    6.00000    1.00000  83.3%   950  228s
  2081   337 infeasible   41         6.00000    1.00000  83.3%   940  237s
  2236   349    1.05000    6 3220    6.00000    1.00000  83.3%   924  246s
  2334   346    5.00000   15 1445    6.00000    1.00000  83.3%   918  254s
  2420   345    5.00000   30  679    6.00000    1.00000  83.3%   916  261s
  2494   356    5.00000   31 1295    6.00000    1.50000  75.0%   907  268s
  2551   339    4.00458   45 2303    6.00000    2.00000  66.7%   909  278s
  2670   346    5.00000   37 2103    6.00000    2.00000  66.7%   904  289s
  2805   355    4.00458   41 2183    6.00000    2.00000  66.7%   895  299s
  2945   343    4.00000   22 1740    6.00000    2.15402  64.1%   885  308s
  3106   339 infeasible   14         6.00000    3.00000  50.0%   867  321s
  3351   339    4.09091    8 2896    6.00000    3.00000  50.0%   846  333s
  3574   331    5.00000   24 1663    6.00000    3.00000  50.0%   828  345s
  3788   309    3.67327   12 2162    6.00000    3.59493  40.1%   816  350s
  3903   274 infeasible   78         6.00000    4.00000  33.3%   806  361s
  4218   292 infeasible   22         6.00000    4.00000  33.3%   772  371s
  4487   274    4.13940   29 1973    6.00000    4.00000  33.3%   750  378s
  4627   241 infeasible    9         6.00000    4.00000  33.3%   743  383s
  4764   208    4.00000   21 2062    6.00000    4.00000  33.3%   735  386s
  4958    86 infeasible   10         6.00000    5.00000  16.7%   720  392s
  5124     4 infeasible   25         6.00000    5.00000  16.7%   707  398s

Cutting planes:
  Learned: 35457
  Gomory: 26
  Cover: 16369
  Implied bound: 24
  MIR: 194
  StrongCG: 19
  Inf proof: 152

Explored 5277 nodes (3677619 simplex iterations) in 399.07 seconds
Thread count was 4 (of 4 available processors)

Solution count 4: 6 7 9 18 

Optimal solution found (tolerance 1.00e-04)
Best objective 6.000000000000e+00, best bound 6.000000000000e+00, gap 0.0000%
Optimize a model with 17514 rows, 8755 columns and 55422 nonzeros
Coefficient statistics:
  Matrix range     [2e-01, 2e+02]
  Objective range  [1e+00, 1e+00]
  Bounds range     [1e+00, 2e+01]
  RHS range        [1e-02, 2e+02]

Concurrent LP optimizer: dual simplex and barrier
Showing barrier log only...

Ordering time: 0.00s

Barrier performed 0 iterations in 0.02 seconds
Barrier solve interrupted - model solved by another algorithm


Solved with dual simplex
Solved in 11 iterations and 0.02 seconds
Optimal objective  6.000000000e+00

Gurobi 7.5.2 (mac64) logging started Sun Apr 29 19:39:32 2018

Academic license - for non-commercial use only

Gurobi 7.5.2 (mac64) logging started Sun Apr 29 19:39:43 2018

Academic license - for non-commercial use only
Read LP format model from file lidar_config1.lp
Reading time = 0.14 seconds
: 48618 rows, 24307 columns, 153918 nonzeros
Optimize a model with 48618 rows, 24307 columns and 153918 nonzeros
Variable types: 7 continuous, 24300 integer (24300 binary)
Coefficient statistics:
  Matrix range     [2e-01, 2e+02]
  Objective range  [1e+00, 1e+00]
  Bounds range     [1e+00, 5e+01]
  RHS range        [1e-02, 2e+02]
Found heuristic solution: objective 30.0000000
Presolve removed 1152 rows and 576 columns
Presolve time: 0.24s
Presolved: 47466 rows, 23731 columns, 150462 nonzeros
Variable types: 6 continuous, 23725 integer (23724 binary)

Deterministic concurrent LP optimizer: primal and dual simplex
Showing first log only...

Presolved: 47466 rows, 23731 columns, 150462 nonzeros

Presolve removed 0 rows and 1 columns
Concurrent spin time: 0.00s

Solved with primal simplex

Root relaxation: objective 0.000000e+00, 7514 iterations, 0.24 seconds

    Nodes    |    Current Node    |     Objective Bounds      |     Work
 Expl Unexpl |  Obj  Depth IntInf | Incumbent    BestBd   Gap | It/Node Time

     0     0    0.00000    0 1357   30.00000    0.00000   100%     -    4s
H    0     0                      22.0000000    0.00000   100%     -   15s
     0     0    0.00000    0 2829   22.00000    0.00000   100%     -   20s
     0     0    0.00000    0 3775   22.00000    0.00000   100%     -   36s
     0     0    0.00000    0 3764   22.00000    0.00000   100%     -   49s
     0     0    0.00000    0 3184   22.00000    0.00000   100%     -   59s
H    0     0                      20.0000000    0.00000   100%     -   59s
     0     2    0.00000    0 1902   20.00000    0.00000   100%     -   75s
     1     3    0.21171    1 5597   20.00000    0.00000   100% 21855  101s
     3     5    1.00000    2 4715   20.00000    0.00000   100%  8832  112s
     7     7    1.00000    4 4662   20.00000    0.00000   100%  5281  117s
    27    24    1.00000   14 3871   20.00000    0.00000   100%  2110  121s
   103    76    2.00000   51 3176   20.00000    0.00000   100%   702  125s
   159   115 infeasible   81        20.00000    0.00000   100%   561  131s
   180   124 infeasible   91        20.00000    0.00000   100%   556  137s
   187   129    3.00000   96 3263   20.00000    0.00000   100%   622  140s
   261   177 infeasible  139        20.00000    0.29752  98.5%   535  150s
   300   211    1.00000   17 4097   20.00000    1.00000  95.0%   560  157s
   349   262    1.31309   50 4452   20.00000    1.00000  95.0%   559  160s
   490   380    3.00000  147 3370   20.00000    1.00000  95.0%   489  168s
   542   401   10.00000  174 3994   20.00000    1.00000  95.0%   494  174s
   604   432   11.00000  163 1885   20.00000    1.00000  95.0%   466  175s
   702   448 infeasible   25        20.00000    1.00000  95.0%   450  183s
   717   458    1.00000   28 5308   20.00000    1.00000  95.0%   474  187s
   745   486   10.00000  194 3184   20.00000    1.00000  95.0%   467  280s
H  746   462                      19.0000000    1.00000  94.7%   467  302s
   748   463    1.00000   33 3216   19.00000    1.00000  94.7%   465  333s
   749   464    3.00000   36 4047   19.00000    1.00000  94.7%   465  359s
   750   464    1.00000   16 2680   19.00000    1.00000  94.7%   464  381s
   751   465    2.00000   44 6209   19.00000    1.00000  94.7%   463  405s
   752   466    2.00000   78 6535   19.00000    1.00000  94.7%   463  424s
   753   466    3.00000  100 8229   19.00000    1.00000  94.7%   462  446s
   754   467    3.00000   18 8758   19.00000    1.00000  94.7%   462  455s
   755   468    5.00000  154 5179   19.00000    1.00000  94.7%   461  481s
   756   468    1.00000   37 7367   19.00000    1.00000  94.7%   460  491s
   757   469    3.00000  100 8527   19.00000    1.00000  94.7%   460  501s
   758   470    1.00000    4 8944   19.00000    1.00000  94.7%   459  509s
   759   470    2.00000   72 5567   19.00000    1.00000  94.7%   459  524s
   760   471    5.00000  153 8663   19.00000    1.00000  94.7%   458  529s
   761   472    3.00000  108 5721   19.00000    1.00000  94.7%   457  538s
   762   472   10.00000  198 3905   19.00000    1.00000  94.7%   457  552s
   764   474    2.00000   40 3656   19.00000    1.00000  94.7%   456  556s
   767   477   10.00000  206 2394   19.00000    1.00000  94.7%   818  589s
   768   478    1.00000   33 3391   19.00000    1.00000  94.7%   817  602s
   769   479    3.00000   36 4944   19.00000    1.00000  94.7%   816  618s
   770   479    1.00000   16 2256   19.00000    1.00000  94.7%   815  627s
   771   480    2.00000   44 4547   19.00000    1.00000  94.7%   814  638s
   772   481    2.00000   78 3947   19.00000    1.00000  94.7%   812  649s
   773   481    3.00000  100 4959   19.00000    1.05882  94.4%   811  656s
   774   482    3.00000   18 6601   19.00000    1.09489  94.2%   810  664s
   775   483    5.00000  154 6517   19.00000    1.12500  94.1%   809  669s
   776   483    1.33333   37 6697   19.00000    1.33333  93.0%   808  674s
   777   484    3.00000  100 6880   19.00000    1.33333  93.0%   807  681s
   778   485    1.33333    4 5500   19.00000    1.33333  93.0%   806  693s
   779   485    2.00000   72 7033   19.00000    1.33333  93.0%   805  698s
   780   486    5.00000  153 8194   19.00000    1.33333  93.0%   804  944s
   781   487    3.00000  108 8131   19.00000    1.33333  93.0%   803  958s
   782   487   10.00000  198 5959   19.00000    1.33333  93.0%   802  966s
   783   488    2.00000   71 8247   19.00000    1.33333  93.0%   801  972s
   784   489    2.00000   40 5450   19.00000    1.33333  93.0%   800  988s
   786   490    2.00000   42 3426   19.00000    2.00000  89.5%   798 1195s
   787   491   10.00000  206 3426   19.00000    2.00000  89.5%   797 1203s
   788   494   10.00000   26 1458   19.00000    2.00000  89.5%   648 1454s
   790   496   12.00000   27 1396   19.00000    2.00000  89.5%   668 1477s
   792   495 infeasible   27        19.00000    2.00000  89.5%   676 1499s
   794   496   13.00000   28 1383   19.00000    3.00000  84.2%   683 1719s
   796   498   14.00000   28 1084   19.00000    3.00000  84.2%   690 1751s
   798   499   14.00000   29 1593   19.00000    5.00000  73.7%   718 1968s
   800   500   14.00000   29 1090   19.00000    5.00000  73.7%   722 1973s
   802   501   14.00000   30  976   19.00000    5.00000  73.7%   725 1979s
   805   503   18.00000   31  467   19.00000    5.00000  73.7%   729 1994s
   808   501   16.00000   32  662   19.00000    6.00000  68.4%   732 2006s
   812   507   16.00000   33  638   19.00000    6.00000  68.4%   734 2013s
   816   504   17.00000   35  326   19.00000    6.00000  68.4%   732 2020s
   820   512   18.00000   36  241   19.00000    6.00000  68.4%   730 2230s
   825   509   18.00000   38   50   19.00000    6.00000  68.4%   730 2238s
   830   508 infeasible   40        19.00000    6.00000  68.4%   726 2244s
   839   510   18.00000   42   44   19.00000    6.00000  68.4%   727 2247s
   848   511   18.00000   45   38   19.00000    6.00000  68.4%   724 2250s
   857   506 infeasible   49        19.00000    6.00000  68.4%   721 2256s
   873   505    6.00000   32 3365   19.00000    6.00000  68.4%   728 2262s
   886   504    7.00000   34 2642   19.00000    6.00000  68.4%   739 2267s
   894   506    8.00000   35 2679   19.00000    6.00000  68.4%   736 2272s
   914   508    8.00000   38 2622   19.00000    6.00000  68.4%   739 2279s
   919   510   12.06729   38 1818   19.00000    6.00000  68.4%   743 2283s
   934   510   10.00314   41 2328   19.00000    6.00000  68.4%   748 2288s
   950   508   16.00000   45 1020   19.00000    6.00000  68.4%   754 2297s
  1018   517 infeasible   44        19.00000    8.00000  57.9%   740 2304s
  1032   516   15.87411   41  804   19.00000    8.00000  57.9%   739 2306s
  1072   524   15.00000   45 1095   19.00000    8.00000  57.9%   721 2310s
  1140   506 infeasible   56        19.00000    8.00000  57.9%   689 2319s
  1145   506   10.00000   45 1740   19.00000    8.04969  57.6%   689 2322s
  1186   504   14.00000   58 1319   19.00000    8.04969  57.6%   675 2327s
  1238   501 infeasible   74        19.00000    9.00000  52.6%   664 2333s
  1249   502   16.87411   39 1477   19.00000    9.00000  52.6%   661 2335s
  1300   501 infeasible   57        19.00000    9.00000  52.6%   640 2340s
  1372   502 infeasible   65        19.00000    9.00863  52.6%   621 2348s
  1383   503   10.00000   34 1901   19.00000   10.00000  47.4%   619 2350s
  1478   512   18.00000   75  252   19.00000   10.00000  47.4%   588 2356s
  1590   504   14.00000   40 1630   19.00000   10.00000  47.4%   567 2363s
  1610   509   15.00000   49 1624   19.00000   10.00000  47.4%   566 2369s
  1691   500 infeasible   77        19.00000   10.00000  47.4%   545 2379s
  1714   499   13.00000   59 1387   19.00000   10.00000  47.4%   548 2383s
  1811   494   12.00000   39 1908   19.00000   10.00000  47.4%   532 2389s
  1856   495 infeasible   44        19.00000   10.00000  47.4%   525 2393s
  1915   491   11.00000   39 1812   19.00000   10.00000  47.4%   522 2399s
  1941   489   14.00000   45 1456   19.00000   10.00000  47.4%   523 2403s
  2016   491   18.00000   50  384   19.00000   10.00000  47.4%   516 2410s
  2152   500 infeasible   79        19.00000   10.00000  47.4%   498 2419s
  2172   493 infeasible   46        19.00000   10.00000  47.4%   499 2427s
  2288   504   16.00000   48 1119   19.00000   10.00000  47.4%   484 2435s
  2457   549   18.00000   44  283   19.00000   10.00000  47.4%   464 2444s
  2471   544   16.00000   48 1223   19.00000   10.00000  47.4%   465 2446s
  2607   591 infeasible   63        19.00000   10.00000  47.4%   452 2455s
  2648   601   18.00000   51  519   19.00000   11.00000  42.1%   451 2460s
  2808   641   18.00000   55  531   19.00000   11.00000  42.1%   434 2467s
  2900   658 infeasible   46        19.00000   11.00000  42.1%   427 2472s
  3024   696   13.00000   44 1561   19.00000   11.00000  42.1%   419 2481s
  3078   705   18.00000   52  624   19.00000   11.00000  42.1%   415 2485s
  3238   748   14.00000   49 1204   19.00000   11.42875  39.8%   405 2494s
  3304   753   14.30455   39 1374   19.00000   12.00000  36.8%   404 2502s
  3503   806   15.00000   45 1185   19.00000   12.00000  36.8%   391 2513s
  3598   819   18.00000   65  136   19.00000   12.00000  36.8%   388 2519s
* 3629   634              83      18.0000000   12.00000  33.3%   385 2519s
  3789   642 infeasible   57        18.00000   12.00000  33.3%   378 2531s
  3868   640 infeasible   53        18.00000   12.00000  33.3%   376 2546s
  3988   661   13.00000   43 1557   18.00000   12.00000  33.3%   373 2557s
  4077   675   12.00000   51 1825   18.00000   12.00000  33.3%   369 2565s
  4239   710 infeasible   59        18.00000   12.00000  33.3%   363 2581s
  4328   719   14.00000   30 3532   18.00000   12.00000  33.3%   361 2591s
  4486   726 infeasible   45        18.00000   12.00000  33.3%   358 2606s
  4584   706 infeasible   41        18.00000   12.00000  33.3%   358 2617s
  4691   709 infeasible   42        18.00000   12.00000  33.3%   358 2630s
  4798   717   15.00000   49 1431   18.00000   12.00000  33.3%   356 2642s
  4960   729   15.00000   49 1101   18.00000   12.00000  33.3%   351 2655s
  5096   726 infeasible   58        18.00000   12.00000  33.3%   347 2670s
  5221   720   15.02172   56 1037   18.00000   13.00000  27.8%   345 2682s
  5414   750 infeasible   60        18.00000   14.00000  22.2%   338 2699s
  5604   747   14.02509   57 1277   18.00000   14.00000  22.2%   334 2718s
  5808   756   15.00000   59 1093   18.00000   14.00000  22.2%   330 2738s
  6017   773 infeasible   57        18.00000   14.00000  22.2%   327 2756s
  6204   779   15.00000   45  472   18.00000   14.00000  22.2%   325 2777s
  6410   805   14.00000   34 1684   18.00000   14.00000  22.2%   323 2796s
  6627   814   14.00000   38 1310   18.00000   14.00000  22.2%   322 2814s
  6786   817   16.00000   41  950   18.00000   14.00000  22.2%   322 2835s
  6984   815 infeasible   50        18.00000   14.00000  22.2%   321 2846s
  7169   819 infeasible   68        18.00000   14.00000  22.2%   318 2864s
  7322   813   14.00000   43 1461   18.00000   14.00000  22.2%   316 2874s
  7520   801 infeasible   44        18.00000   14.00000  22.2%   312 2971s
  7618   780   16.01086   83  846   18.00000   15.00000  16.7%   311 2983s
  7819   767 infeasible   51        18.00000   15.00000  16.7%   308 2997s
  7920   737 infeasible   56        18.00000   15.00000  16.7%   306 3012s
  8039   707 infeasible   47        18.00000   15.00000  16.7%   305 3030s
  8265   706 infeasible   44        18.00000   15.00000  16.7%   303 3050s
  8476   714 infeasible   64        18.00000   15.00000  16.7%   300 3072s
  8635   695 infeasible   64        18.00000   15.00000  16.7%   299 3079s
  8717   655   16.12457   42  851   18.00000   16.00000  11.1%   298 3090s
  8808   617 infeasible   57        18.00000   16.00000  11.1%   296 3100s
  8874   576 infeasible   58        18.00000   16.00000  11.1%   296 3110s
  8962   540 infeasible   61        18.00000   16.00000  11.1%   295 3116s
  9011   498 infeasible   80        18.00000   16.00000  11.1%   295 3126s
  9089   457   16.00000   61 1085   18.00000   16.00000  11.1%   294 3142s
  9214   430     cutoff   50        18.00000   16.00000  11.1%   292 3155s
  9311   397 infeasible   49        18.00000   16.00000  11.1%   291 3173s
  9523   380 infeasible   51        18.00000   16.00000  11.1%   288 3190s
  9666   361   16.00000   58  848   18.00000   16.00000  11.1%   286 3207s
  9895   362 infeasible   44        18.00000   16.00000  11.1%   283 3212s
  9942   320 infeasible   43        18.00000   16.00000  11.1%   284 3223s
  9998   278 infeasible   30        18.00000   16.00000  11.1%   284 3227s
 10135   152 infeasible   58        18.00000   17.00000  5.56%   281 3230s
 10219    68 infeasible   57        18.00000   17.00000  5.56%   280 3243s
 10269    26 infeasible   55        18.00000   17.00000  5.56%   279 3245s
 10311     0 infeasible   51        18.00000   17.00000  5.56%   278 3268s
 10351     0   17.00000   52  500   18.00000   17.00000  5.56%   278 3272s

Cutting planes:
  Learned: 5665

Explored 10399 nodes (3282945 simplex iterations) in 3272.18 seconds
Thread count was 4 (of 4 available processors)

Solution count 5: 18 19 20 ... 30

Optimal solution found (tolerance 1.00e-04)
Best objective 1.800000000000e+01, best bound 1.800000000000e+01, gap 0.0000%
Optimize a model with 48618 rows, 24307 columns and 153918 nonzeros
Coefficient statistics:
  Matrix range     [2e-01, 2e+02]
  Objective range  [1e+00, 1e+00]
  Bounds range     [1e+00, 5e+01]
  RHS range        [1e-02, 2e+02]

Concurrent LP optimizer: dual simplex and barrier
Showing barrier log only...

Ordering time: 0.01s

Barrier statistics:
 Dense cols : 6
 AA' NZ     : 1.775e+05
 Factor NZ  : 5.538e+05 (roughly 34 MBytes of memory)
 Factor Ops : 7.470e+06 (less than 1 second per iteration)
 Threads    : 1

Barrier performed 0 iterations in 0.06 seconds
Barrier solve interrupted - model solved by another algorithm


Solved with dual simplex
Solved in 13 iterations and 0.06 seconds
Optimal objective  1.800000000e+01

Gurobi 7.5.2 (mac64) logging started Sun Apr 29 21:15:43 2018

Academic license - for non-commercial use only
Read LP format model from file lidar_config2.lp
Reading time = 0.11 seconds
: 51867 rows, 25930 columns, 165267 nonzeros
Optimize a model with 51867 rows, 25930 columns and 165267 nonzeros
Variable types: 10 continuous, 25920 integer (25920 binary)
Coefficient statistics:
  Matrix range     [2e-01, 2e+02]
  Objective range  [1e+00, 1e+00]
  Bounds range     [1e+00, 2e+01]
  RHS range        [1e-02, 2e+02]
Found heuristic solution: objective 16.0000000
Presolve removed 7776 rows and 3888 columns
Presolve time: 0.26s
Presolved: 44091 rows, 22042 columns, 141939 nonzeros
Variable types: 9 continuous, 22033 integer (22032 binary)

Deterministic concurrent LP optimizer: primal and dual simplex
Showing first log only...

Presolved: 44091 rows, 22042 columns, 141939 nonzeros

Presolve removed 0 rows and 1 columns
Concurrent spin time: 0.14s

Solved with primal simplex

Root relaxation: objective 0.000000e+00, 8005 iterations, 0.62 seconds

    Nodes    |    Current Node    |     Objective Bounds      |     Work
 Expl Unexpl |  Obj  Depth IntInf | Incumbent    BestBd   Gap | It/Node Time

     0     0    0.00000    0  692   16.00000    0.00000   100%     -    4s
H    0     0                       8.0000000    0.00000   100%     -    8s
     0     0    0.00000    0 2069    8.00000    0.00000   100%     -   10s
     0     0    0.00000    0 2407    8.00000    0.00000   100%     -   20s
     0     0    0.00000    0 1112    8.00000    0.00000   100%     -   26s
     0     0    0.00000    0 1058    8.00000    0.00000   100%     -   29s
     0     0    0.00000    0  717    8.00000    0.00000   100%     -   41s
     0     0    0.00000    0 1593    8.00000    0.00000   100%     -   52s
     0     0    0.00000    0 3970    8.00000    0.00000   100%     -   67s
     0     0    0.00000    0 2535    8.00000    0.00000   100%     -   93s
     0     0    0.00000    0 2441    8.00000    0.00000   100%     -  104s
     0     0    0.00000    0  852    8.00000    0.00000   100%     -  114s
     0     0    0.00000    0 1908    8.00000    0.00000   100%     -  127s
H    0     0                       7.0000000    0.00000   100%     -  136s
     0     0    0.00000    0 2584    7.00000    0.00000   100%     -  136s
     0     0    0.00000    0 2176    7.00000    0.00000   100%     -  147s
     0     0    0.00000    0 1726    7.00000    0.00000   100%     -  152s
     0     0    0.00000    0  447    7.00000    0.00000   100%     -  160s
     0     0    0.00000    0 2152    7.00000    0.00000   100%     -  169s
     0     0    0.00000    0 2732    7.00000    0.00000   100%     -  184s
     0     0    0.00000    0 2054    7.00000    0.00000   100%     -  192s
     0     0    0.00000    0 1571    7.00000    0.00000   100%     -  198s
     0     0    0.00000    0  401    7.00000    0.00000   100%     -  205s
     0     0    0.00000    0 1300    7.00000    0.00000   100%     -  212s
     0     0    0.00000    0 1867    7.00000    0.00000   100%     -  220s
     0     0    0.00000    0 2661    7.00000    0.00000   100%     -  228s
     0     0    0.00000    0 2489    7.00000    0.00000   100%     -  239s
     0     2    0.00000    0 2489    7.00000    0.00000   100%     -  243s
     1     4    0.00000    1 2233    7.00000    0.00000   100%  4053  246s
     7     7    2.00000    3 2088    7.00000    1.00000  85.7%  2037  251s
    17    15    3.00000    8 2494    7.00000    1.00000  85.7%  1359  255s
    83    31 infeasible   26         7.00000    2.00000  71.4%   483  260s
   175    80 infeasible   14         7.00000    2.00000  71.4%   360  267s
   184    84    4.00000   10 2155    7.00000    2.00000  71.4%   518  270s
   382   187    6.00000   49  427    7.00000    3.00000  57.1%   363  276s
*  529    92              31       6.0000000    3.33201  44.5%   323  278s
   559    84    5.00000   11  692    6.00000    4.00000  33.3%   321  280s
   638   103 infeasible   20         6.00000    4.00000  33.3%   332  285s
   772   100 infeasible   12         6.00000    4.00000  33.3%   345  293s
   826   102 infeasible   11         6.00000    4.00000  33.3%   346  296s
   855    99    4.00000   13 1764    6.00000    4.00000  33.3%   356  300s
   937   107    5.00000   13 1250    6.00000    4.00000  33.3%   371  306s
   984   110    5.00000   15 1543    6.00000    4.00000  33.3%   368  310s
  1075   121    4.00000   10 1913    6.00000    4.00000  33.3%   371  316s
  1141   139 infeasible   22         6.00000    4.00000  33.3%   378  321s
  1238   173 infeasible   26         6.00000    4.00000  33.3%   377  329s
  1274   171 infeasible   27         6.00000    4.00000  33.3%   379  332s
  1338   183 infeasible   13         6.00000    4.00000  33.3%   380  336s
  1393   194    5.00000   12 1485    6.00000    4.00000  33.3%   381  340s
  1474   172 infeasible   14         6.00000    4.00000  33.3%   379  345s
  1611   148    5.00000   31 2126    6.00000    5.00000  16.7%   376  353s
  1683   122 infeasible   26         6.00000    5.00000  16.7%   374  358s
  1762   118    5.00000   15 1427    6.00000    5.00000  16.7%   371  363s
  1838   113 infeasible   29         6.00000    5.00000  16.7%   367  368s
  1911    99 infeasible   17         6.00000    5.00000  16.7%   365  373s
  1960    55 infeasible   17         6.00000    5.00000  16.7%   364  377s
  2020    33 infeasible   19         6.00000    5.00000  16.7%   361  383s
  2068    18 infeasible   10         6.00000    5.00000  16.7%   358  389s
  2108    13 infeasible   16         6.00000    5.00000  16.7%   358  393s

Cutting planes:
  Learned: 11162
  Gomory: 13
  Cover: 13884
  Implied bound: 17149
  MIR: 132
  StrongCG: 4
  Inf proof: 28
  Zero half: 117

Explored 2169 nodes (955931 simplex iterations) in 393.87 seconds
Thread count was 4 (of 4 available processors)

Solution count 4: 6 7 8 16 

Optimal solution found (tolerance 1.00e-04)
Best objective 6.000000000000e+00, best bound 6.000000000000e+00, gap 0.0000%
Optimize a model with 51867 rows, 25930 columns and 165267 nonzeros
Coefficient statistics:
  Matrix range     [2e-01, 2e+02]
  Objective range  [1e+00, 1e+00]
  Bounds range     [1e+00, 2e+01]
  RHS range        [1e-02, 2e+02]

Concurrent LP optimizer: dual simplex and barrier
Showing barrier log only...

Ordering time: 0.01s

Barrier statistics:
 Dense cols : 9
 AA' NZ     : 1.909e+05
 Factor NZ  : 5.709e+05 (roughly 36 MBytes of memory)
 Factor Ops : 7.533e+06 (less than 1 second per iteration)
 Threads    : 1

Barrier performed 0 iterations in 0.05 seconds
Barrier solve interrupted - model solved by another algorithm


Solved with dual simplex
Solved in 12 iterations and 0.06 seconds
Optimal objective  6.000000000e+00

Gurobi 7.5.2 (mac64) logging started Mon Apr 30 00:06:36 2018

Academic license - for non-commercial use only
Read LP format model from file lidar_config2.lp
Reading time = 6.01 seconds
: 2236608 rows, 1118218 columns, 7032000 nonzeros
Optimize a model with 2236608 rows, 1118218 columns and 7032000 nonzeros
Variable types: 10 continuous, 1118208 integer (1118208 binary)
Coefficient statistics:
  Matrix range     [4e-01, 2e+02]
  Objective range  [1e+00, 1e+00]
  Bounds range     [1e+00, 1e+02]
  RHS range        [1e-02, 2e+02]
Found heuristic solution: objective 65.0000000
Presolve removed 107520 rows and 49152 columns (presolve time = 6s) ...
Presolve removed 116736 rows and 58368 columns (presolve time = 10s) ...
Presolve removed 116736 rows and 58368 columns (presolve time = 15s) ...
Presolve removed 116736 rows and 58368 columns (presolve time = 21s) ...
Presolve removed 116736 rows and 58368 columns (presolve time = 26s) ...
Presolve removed 116736 rows and 58368 columns
Presolve time: 26.11s
Presolved: 2119872 rows, 1059850 columns, 6675648 nonzeros

Gurobi 7.5.2 (mac64) logging started Mon Apr 30 08:00:55 2018

Academic license - for non-commercial use only
Read LP format model from file lidar_config2.lp
Reading time = 6.14 seconds
: 2236608 rows, 1118218 columns, 7032000 nonzeros
Optimize a model with 2236608 rows, 1118218 columns and 7032000 nonzeros
Variable types: 10 continuous, 1118208 integer (1118208 binary)
Coefficient statistics:
  Matrix range     [4e-01, 2e+02]
  Objective range  [1e+00, 1e+00]
  Bounds range     [1e+00, 1e+02]
  RHS range        [1e-02, 2e+02]
Found heuristic solution: objective 65.0000000
Presolve removed 108368 rows and 50000 columns (presolve time = 5s) ...
Presolve removed 116736 rows and 58368 columns (presolve time = 11s) ...
Presolve removed 116736 rows and 58368 columns (presolve time = 16s) ...
Presolve removed 116736 rows and 58368 columns (presolve time = 21s) ...
Presolve removed 116736 rows and 58368 columns
Presolve time: 20.66s
Presolved: 2119872 rows, 1059850 columns, 6675648 nonzeros

Gurobi 7.5.2 (mac64) logging started Mon Apr 30 09:41:44 2018

Academic license - for non-commercial use only
Read LP format model from file lidar_config2.lp
Reading time = 1.34 seconds
: 725841 rows, 362890 columns, 2095713 nonzeros
Optimize a model with 725841 rows, 362890 columns and 2095713 nonzeros
Variable types: 10 continuous, 362880 integer (362880 binary)
Coefficient statistics:
  Matrix range     [4e-01, 2e+02]
  Objective range  [1e+00, 1e+00]
  Bounds range     [1e+00, 1e+02]
  RHS range        [1e-02, 2e+02]
Found heuristic solution: objective 108.0000000
Presolve removed 72928 rows and 36861 columns (presolve time = 6s) ...
Presolve removed 73401 rows and 36895 columns
Presolve time: 7.33s
Presolved: 652440 rows, 325995 columns, 1896524 nonzeros

Gurobi 7.5.2 (mac64) logging started Mon Apr 30 11:49:40 2018

Academic license - for non-commercial use only
Read LP format model from file lidar_config2.lp
Reading time = 0.42 seconds
: 216054 rows, 108010 columns, 623754 nonzeros
Optimize a model with 216054 rows, 108010 columns and 623754 nonzeros
Variable types: 10 continuous, 108000 integer (108000 binary)
Coefficient statistics:
  Matrix range     [4e-01, 2e+02]
  Objective range  [1e+00, 1e+00]
  Bounds range     [1e+00, 5e+01]
  RHS range        [1e-02, 2e+02]
Found heuristic solution: objective 40.0000000
Presolve removed 29720 rows and 15184 columns
Presolve time: 2.45s
Presolved: 186334 rows, 92826 columns, 542322 nonzeros
Variable types: 9 continuous, 92817 integer (92816 binary)

Deterministic concurrent LP optimizer: primal and dual simplex
Showing first log only...

Presolved: 186334 rows, 92826 columns, 542322 nonzeros


Root simplex log...

Iteration    Objective       Primal Inf.    Dual Inf.      Time
       0    1.0000000e+01   1.572027e-02   3.561567e+08     45s
   27981    1.0000000e+01   0.000000e+00   0.000000e+00     46s
Concurrent spin time: 0.14s

Solved with primal simplex

Root relaxation: objective 1.000000e+01, 27981 iterations, 0.87 seconds

    Nodes    |    Current Node    |     Objective Bounds      |     Work
 Expl Unexpl |  Obj  Depth IntInf | Incumbent    BestBd   Gap | It/Node Time

     0     0   10.00000    0 6447   40.00000   10.00000  75.0%     -   51s
H    0     0                      30.0000000   10.00000  66.7%     -  200s
H    0     0                      20.0000000   10.00000  50.0%     -  204s
     0     0   10.00000    0 8909   20.00000   10.00000  50.0%     -  212s
     0     0   10.00000    0 6906   20.00000   10.00000  50.0%     -  277s
     0     0   10.00000    0  526   20.00000   10.00000  50.0%     -  307s
     0     0   10.00000    0 4608   20.00000   10.00000  50.0%     -  355s
     0     0   10.00000    0 11530   20.00000   10.00000  50.0%     -  449s
     0     0   10.00000    0 15007   20.00000   10.00000  50.0%     -  527s
     0     0   10.00000    0 10466   20.00000   10.00000  50.0%     -  753s
     0     0   10.00000    0 5679   20.00000   10.00000  50.0%     -  909s
     0     0   10.00000    0 2867   20.00000   10.00000  50.0%     -  962s
     0     0   10.00000    0 9601   20.00000   10.00000  50.0%     - 1035s
     0     0   10.00000    0 7327   20.00000   10.00000  50.0%     - 1072s
     0     0   10.00000    0 7450   20.00000   10.00000  50.0%     - 1143s
     0     0   10.00000    0 7282   20.00000   10.00000  50.0%     - 1185s
     0     2   10.00000    0 3085   20.00000   10.00000  50.0%     - 1263s
     1     5   10.00000    1 5105   20.00000   10.00000  50.0% 24179 1349s
     3     6   10.00000    2 6267   20.00000   10.00000  50.0% 14070 1398s
     5     7   10.00000    2 7195   20.00000   10.00000  50.0% 13069 1437s
     7     9   10.00000    3 8462   20.00000   10.00000  50.0% 11387 1471s
     9     9   15.62393    3 6599   20.00000   10.00000  50.0% 11324 1488s
    11     9   10.00000    4 9039   20.00000   10.00000  50.0%  9806 1493s
    19    15   10.03909    8 7322   20.00000   10.00000  50.0%  6707 1527s
    21    16   10.00000    8 8937   20.00000   10.00000  50.0%  6494 1534s
    37    24   10.49237   15 5895   20.00000   10.00000  50.0%  4226 1549s
    85    52   14.00000    4 7429   20.00000   10.00000  50.0%  2342 1554s
   121    59   14.25537    7 5853   20.00000   10.00000  50.0%  1716 1563s
   128    59   15.00000    8 6137   20.00000   10.00000  50.0%  1785 1576s
   134    62   15.00000   12 4223   20.00000   10.00000  50.0%  1808 1585s
   143    67   16.00000   15 3168   20.00000   10.00000  50.0%  1802 1593s
   176    87   19.00000   42 1776   20.00000   10.00000  50.0%  1573 1602s
   207   110   10.94118    5 12100   20.00000   10.00000  50.0%  1534 1618s
   209   113   14.28571    5 8516   20.00000   10.00000  50.0%  1608 1626s
   254   122   14.62069    8 8506   20.00000   10.00000  50.0%  1429 1634s
   296   128   15.62393    8 8642   20.00000   10.00000  50.0%  1248 1638s
   344   142   15.00000    9 8189   20.00000   10.00000  50.0%  1144 1662s
   363   151   19.00000   16 6357   20.00000   10.00000  50.0%  1185 1677s
   377   154   19.00000   25 5532   20.00000   10.00000  50.0%  1176 1683s
   415   165   16.54131    7 5774   20.00000   10.00000  50.0%  1122 1699s
   426   164   19.00000   11 5326   20.00000   10.00000  50.0%  1151 1707s
   458   173   11.00000    8 12858   20.00000   10.00000  50.0%  1150 1725s
   460   174   11.00000    9 12830   20.00000   10.00000  50.0%  1195 1736s
   470   181   12.00000   11 10584   20.00000   10.00000  50.0%  1197 1741s
   478   180   18.00000   15 9686   20.00000   10.00000  50.0%  1218 2021s
   489   184   11.13412   15 12250   20.00000   10.00000  50.0%  1267 4149s
   494   186   18.45680   18 8790   20.00000   10.00000  50.0%  1310 4162s
   498   189   12.00000   18 10730   20.00000   10.00000  50.0%  1357 4185s
   522   195   12.00000   24 11667   20.00000   10.00000  50.0%  1330 4210s
   542   202   13.00000   26 8248   20.00000   10.00000  50.0%  1350 4221s
   584   211   12.00000    9 12801   20.00000   10.00000  50.0%  1343 4230s
   643   238   13.00000   16 11392   20.00000   10.00000  50.0%  1294 4245s
   649   240   17.00000   18 10614   20.00000   10.00000  50.0%  1325 4259s
   662   243   17.00000   23 7674   20.00000   10.00000  50.0%  1329 4269s
   695   253   14.12417    6 4205   20.00000   10.00000  50.0%  1350 4281s
   760   262   12.00000   16 10769   20.00000   10.00000  50.0%  1329 4295s
   831   291   10.65229    4 12854   20.00000   10.00000  50.0%  1316 4316s
   851   296   10.00000    5 10068   20.00000   10.00000  50.0%  1346 4347s
   857   298   10.00000   10 11225   20.00000   10.00000  50.0%  1368 4358s
   882   309   10.00000   12 10603   20.00000   10.00000  50.0%  1358 4367s
   897   316   10.00000   14 13192   20.00000   10.00000  50.0%  1393 4380s
   899   316   10.00000   14 10478   20.00000   10.00000  50.0%  1413 4392s
   904   318   10.00000   15 10460   20.00000   10.00000  50.0%  1421 4415s
   913   327   10.00000   18 9833   20.00000   10.00000  50.0%  1451 4443s
   918   323   10.08273   20 12113   20.00000   10.00000  50.0%  1477 4460s
   926   331   10.00000   22 9823   20.00000   10.00000  50.0%  1511 4477s
   929   331   10.00000   23 9764   20.00000   10.00000  50.0%  1519 4497s
   942   341 infeasible   34        20.00000   10.00000  50.0%  1513 4511s
   953   341 infeasible   35        20.00000   10.00000  50.0%  1544 4530s
   981   347   11.64706   48 9921   20.00000   10.00000  50.0%  1556 4553s
  1084   411   10.00000    6 10937   20.00000   10.00000  50.0%  1489 4569s
  1088   410   10.00000    7 11683   20.00000   10.00000  50.0%  1499 4587s
  1117   420   11.00000   11 11910   20.00000   10.00000  50.0%  1520 4603s
  1141   427   12.00000   25 7906   20.00000   10.00000  50.0%  1540 4633s
  1231   484   11.00000   12 13507   20.00000   10.00000  50.0%  1502 4666s
  1289   520 infeasible   20        20.00000   10.00000  50.0%  1459 4689s
  1358   563   11.00000   24 15139   20.00000   10.00000  50.0%  1451 4706s
  1362   568   11.05572   25 13635   20.00000   10.00000  50.0%  1461 4732s
  1471   651   13.00000  115  526   20.00000   10.00000  50.0%  1379 4854s
  1473   652   19.00000   52 3164   20.00000   10.00000  50.0%  1377 4908s
  1474   653   15.00000   11 8401   20.00000   10.00000  50.0%  1376 4970s
  1475   654   15.00000   10 9682   20.00000   10.00000  50.0%  1375 5017s
  1476   654   14.00000    5 7710   20.00000   10.00000  50.0%  1374 5061s
  1477   655   15.00000   54 10843   20.00000   10.00000  50.0%  1373 5208s
  1478   656   18.00000   52 8999   20.00000   10.00000  50.0%  1372 5278s
  1479   656   14.00000   39 11129   20.00000   10.00000  50.0%  1371 5322s
  1480   657   19.00000   26 9365   20.00000   10.00000  50.0%  1371 5368s
  1481   658   12.00000   63 11596   20.00000   10.00000  50.0%  1370 5392s
  1482   658   15.00000   93 8770   20.00000   10.00000  50.0%  1369 5442s
  1483   659   11.00000   37 10887   20.00000   10.00000  50.0%  1368 5467s
  1484   660   19.00000   41 7752   20.00000   10.00000  50.0%  1367 5500s
  1485   660   17.00000   19 6988   20.00000   10.00000  50.0%  1366 5505s
  1486   661   19.00000   38 6988   20.00000   10.00000  50.0%  1365 5517s
  1487   663   16.00000   55  526   20.00000   10.00000  50.0%  1658 5535s
  1489   664   13.00000  114 2242   20.00000   10.00000  50.0%  1655 5616s
  1490   665   15.00000   56 5782   20.00000   10.00000  50.0%  1654 5688s
  1491   666   13.00000  115 9617   20.00000   10.00000  50.0%  1653 6167s
  1492   666   12.00000   23 5736   20.00000   10.00000  50.0%  1652 6266s
  1493   667   19.00000   52 10146   20.00000   10.00000  50.0%  1651 6342s
  1494   668   15.00000   11 8472   20.00000   10.00000  50.0%  1650 6384s
  1495   668   15.00000   10 11300   20.00000   10.00000  50.0%  1649 6425s
  1496   669   14.00000    5 8269   20.00000   10.00000  50.0%  1648 6469s
  1497   670   15.00000   54 11677   20.00000   10.00000  50.0%  1647 6514s
  1498   670   18.00000   52 9438   20.00000   10.00000  50.0%  1646 6540s
  1499   671   14.00000   39 9956   20.00000   10.00000  50.0%  1644 6564s
  1500   672   19.00000   26 8827   20.00000   10.00000  50.0%  1643 6581s
  1502   674   15.00000   93  526   20.00000   10.00000  50.0%  1805 6598s
  1504   675   19.00000   41 1839   20.00000   10.00000  50.0%  1803 6681s
  1505   676   17.00000   19 4720   20.00000   10.00000  50.0%  1802 6721s
  1506   677   19.00000   38 5483   20.00000   10.00000  50.0%  1800 6821s
  1507   677   16.00000   55 4994   20.00000   10.00000  50.0%  1799 6882s
  1508   678   12.00000   67 6104   20.00000   10.00000  50.0%  1798 6908s
  1509   679   13.00000  114 8087   20.00000   10.00000  50.0%  1797 6953s
  1510   679   15.00000   56 7856   20.00000   10.00000  50.0%  1796 6982s
  1511   680   13.00000  115 7005   20.00000   10.00000  50.0%  1794 7019s
  1512   681   12.00000   23 7537   20.00000   10.00000  50.0%  1793 7053s
  1513   681   19.00000   52 6747   20.00000   10.00000  50.0%  1792 7094s
  1514   682   15.00000   11 6916   20.00000   10.00000  50.0%  1791 7108s
  1515   683   15.00000   10 8870   20.00000   10.00000  50.0%  1790 7164s
  1516   683   14.00000    5 8762   20.00000   10.00000  50.0%  1789 7170s
  1517   684   15.00000   54 8762   20.00000   10.00000  50.0%  1787 7192s
  1518   688   10.00000   38 8072   20.00000   10.00000  50.0%  1955 7284s
  1520   687 infeasible   39        20.00000   10.00000  50.0%  1966 7327s
  1522   686 infeasible   39        20.00000   10.00000  50.0%  1974 7400s
  1524   688   10.00000   40 6598   20.00000   10.00000  50.0%  1993 7450s
  1526   685 infeasible   41        20.00000   10.00000  50.0%  1996 7457s
  1528   682 infeasible   41        20.00000   10.00000  50.0%  2007 7460s
  1530   682 infeasible   41        20.00000   10.00000  50.0%  2014 7497s
  1532   679 infeasible   41        20.00000   10.00000  50.0%  2025 7503s

Cutting planes:
  Learned: 22378
  Gomory: 5
  Cover: 416
  Implied bound: 1970
  Flow cover: 331
  Zero half: 121

Explored 1534 nodes (3215413 simplex iterations) in 7504.04 seconds
Thread count was 4 (of 4 available processors)

Solution count 3: 20 30 40 

Optimal solution found (tolerance 1.00e-04)
Best objective 2.000000000000e+01, best bound 2.000000000000e+01, gap 0.0000%
Optimize a model with 216054 rows, 108010 columns and 623754 nonzeros
Coefficient statistics:
  Matrix range     [4e-01, 2e+02]
  Objective range  [1e+00, 1e+00]
  Bounds range     [1e+00, 5e+01]
  RHS range        [1e-02, 2e+02]

Concurrent LP optimizer: dual simplex and barrier
Showing barrier log only...

Ordering time: 0.03s

Barrier statistics:
 Dense cols : 9
 AA' NZ     : 7.304e+05
 Factor NZ  : 2.216e+06 (roughly 150 MBytes of memory)
 Factor Ops : 2.655e+07 (less than 1 second per iteration)
 Threads    : 1

Barrier performed 0 iterations in 0.27 seconds
Barrier solve interrupted - model solved by another algorithm


Solved with dual simplex
Solved in 18 iterations and 0.29 seconds
Optimal objective  2.000000000e+01

Gurobi 7.5.2 (mac64) logging started Mon Apr 30 17:18:36 2018

Academic license - for non-commercial use only
Read LP format model from file lidar_config2.lp
Reading time = 1.47 seconds
: 665728 rows, 332810 columns, 2092928 nonzeros
Optimize a model with 665728 rows, 332810 columns and 2092928 nonzeros
Variable types: 10 continuous, 332800 integer (332800 binary)
Coefficient statistics:
  Matrix range     [4e-01, 2e+02]
  Objective range  [1e+00, 1e+00]
  Bounds range     [1e+00, 5e+01]
  RHS range        [1e-02, 2e+02]
Found heuristic solution: objective 22.0000000
Presolve removed 41472 rows and 20736 columns
Presolve time: 4.65s
Presolved: 624256 rows, 312074 columns, 1966976 nonzeros
Variable types: 9 continuous, 312065 integer (312064 binary)

Deterministic concurrent LP optimizer: primal and dual simplex
Showing first log only...

Presolved: 624256 rows, 312074 columns, 1966976 nonzeros


Root simplex log...

Iteration    Objective       Primal Inf.    Dual Inf.      Time
       0    0.0000000e+00   2.922815e-02   3.849600e+08   1719s
   62121    0.0000000e+00   0.000000e+00   0.000000e+00   1719s
Concurrent spin time: 0.68s

Solved with primal simplex

Root relaxation: objective 0.000000e+00, 62121 iterations, 3.88 seconds
Total elapsed time = 1729.23s
Total elapsed time = 1746.96s
Total elapsed time = 1750.96s

    Nodes    |    Current Node    |     Objective Bounds      |     Work
 Expl Unexpl |  Obj  Depth IntInf | Incumbent    BestBd   Gap | It/Node Time

     0     0    0.00000    0 8756   22.00000    0.00000   100%     - 1753s
     0     0    0.00000    0 10377   22.00000    0.00000   100%     - 2780s
     0     0    0.00000    0 12469   22.00000    0.00000   100%     - 3285s
     0     0    0.00000    0 9646   22.00000    0.00000   100%     - 3727s
     0     0    0.00000    0 3482   22.00000    0.00000   100%     - 4705s
     0     0    0.00000    0 11194   22.00000    0.00000   100%     - 18154s
     0     0    0.00000    0 20582   22.00000    0.00000   100%     - 18928s
     0     0    0.00000    0 24770   22.00000    0.00000   100%     - 19918s
     0     0    0.00000    0 17916   22.00000    0.00000   100%     - 22429s
     0     0    0.00000    0 27407   22.00000    0.00000   100%     - 50622s
     0     0    0.00000    0 20422   22.00000    0.00000   100%     - 52872s
     0     0    0.00000    0 17686   22.00000    0.00000   100%     - 53830s
     0     0    0.00000    0 10732   22.00000    0.00000   100%     - 55646s
     0     0    0.00000    0 16186   22.00000    0.00000   100%     - 56492s
     0     0    0.00000    0 18861   22.00000    0.00000   100%     - 57488s
     0     0    0.00000    0 18309   22.00000    0.00000   100%     - 60578s
     0     0    0.00000    0 23051   22.00000    0.00000   100%     - 73523s
     0     0    0.00000    0 18265   22.00000    0.00000   100%     - 74978s
     0     0    0.00000    0 17486   22.00000    0.00000   100%     - 76063s
     0     2    0.00000    0 4962   22.00000    0.00000   100%     - 77203s
     1     5    0.00000    1 34071   22.00000    0.00000   100% 188407 83786s
     3     5    0.15279    2 31068   22.00000    0.00000   100% 82578 86045s
     5     6    0.21610    2 30742   22.00000    0.00000   100% 88982 91110s
     7     8    1.00000    3 33739   22.00000    0.00000   100% 88425 91798s
     9    10    1.00000    4 29016   22.00000    0.00000   100% 76277 92006s
    11     9    1.00000    5 28098   22.00000    0.00000   100% 65922 92199s
H   13    10                      18.0000000    0.00000   100% 55951 92210s
    14    12    1.00000    7 27597   18.00000    0.00000   100% 53875 93566s
    17    14    1.00000    9 28941   18.00000    0.00000   100% 46158 93803s
    20    17    1.00000   10 28262   18.00000    0.00000   100% 39847 93882s
    26    23    1.07356   12 24251   18.00000    0.00000   100% 32861 94051s
    30    24    3.51575   13 31758   18.00000    0.00000   100% 29898 94278s
    35    30    2.00000   13 26180   18.00000    0.00000   100% 26569 94358s
    41    35    2.00000   16 26071   18.00000    0.00000   100% 23224 94518s
    47    40    2.00000   21 26055   18.00000    0.00000   100% 20818 94611s
    56    49    2.00000   26 26045   18.00000    0.00000   100% 17797 94696s
    65    57    2.00000   31 26035   18.00000    0.00000   100% 15601 94909s
    72    61    2.00000   36 26025   18.00000    0.00000   100% 14477 94946s
    82    68    2.00000   41 26015   18.00000    0.00000   100% 12907 94952s
    92    76    2.00000   46 26005   18.00000    0.00000   100% 11668 94963s
H   98    81                      17.0000000    0.00000   100% 11023 94974s
   102    81    2.00000   51 25995   17.00000    0.00000   100% 10638 95013s
   109    85    4.00000   53 21263   17.00000    0.00000   100% 10375 95027s
   120    92    4.00000   59 21617   17.00000    0.00000   100%  9570 95219s
   127    97    4.00000   60 21618   17.00000    0.00000   100%  9257 95346s
   139   106    4.06634   65 19740   17.00000    0.00000   100%  8677 95407s
   149   115    5.13659   70 16972   17.00000    0.00000   100%  8313 95415s
   162   121    6.00000   76 15342   17.00000    0.00000   100%  7691 95427s
   189   145    6.00000   90 15275   17.00000    0.00000   100%  6677 95431s
H  201   152                      15.0000000    0.00000   100%  6279 95443s
   203   154    6.00000   97 15247   15.00000    0.00000   100%  6217 95790s
   217   161    6.00000  104 15219   15.00000    0.00000   100%  5850 95965s
   229   168    8.00000  107 27638   15.00000    0.00000   100%  5804 96244s
   238   171    8.00000  108 21681   15.00000    0.00000   100%  5598 96731s
   251   173    8.00000  112 23543   15.00000    0.00000   100%  5404 96820s
   265   176    9.00000  115 18508   15.00000    0.00000   100%  5227 96931s
   282   183    9.03796  120 15713   15.00000    0.00000   100%  5058 96952s
   298   185   10.01257  126 17319   15.00000    0.00000   100%  4852 96995s
   315   190 infeasible  131        15.00000    0.00000   100%  4649 97000s
   337   194   14.00000  140 13927   15.00000    0.00000   100%  4383 97160s
   380   216   14.00000  162 13125   15.00000    0.00000   100%  3894 97573s
   398   218   14.00000  168 13107   15.00000    0.00000   100%  3723 97584s
   423   227 infeasible  173        15.00000    0.00000   100%  3523 97839s
   425   227    0.00000    3 40431   15.00000    0.00000   100%  3561 97848s
